<?xml version="1.0" encoding="utf-8"?><testsuites name="pytest tests"><testsuite name="pytest" errors="0" failures="0" skipped="0" tests="42" time="10.787" timestamp="2026-03-16T14:48:39.922629+00:00" hostname="agent-env-58206e2f-02e6-40b0-9e4a-2be4bcfcc57f"><testcase classname="backend.tests.test_api.TestHealth" name="test_health_check" time="0.276" /><testcase classname="backend.tests.test_api.TestAuth" name="test_admin_login_success" time="0.309" /><testcase classname="backend.tests.test_api.TestAuth" name="test_user_login_success" time="0.373" /><testcase classname="backend.tests.test_api.TestAuth" name="test_login_invalid_credentials" time="0.060" /><testcase classname="backend.tests.test_api.TestAuth" name="test_get_current_user_admin" time="0.385" /><testcase classname="backend.tests.test_api.TestAuth" name="test_get_current_user_unauthorized" time="0.063" /><testcase classname="backend.tests.test_api.TestPublicEndpoints" name="test_get_matches" time="0.064" /><testcase classname="backend.tests.test_api.TestPublicEndpoints" name="test_get_matches_by_sport" time="0.062" /><testcase classname="backend.tests.test_api.TestAdminEndpoints" name="test_admin_dashboard" time="0.080" /><testcase classname="backend.tests.test_api.TestAdminEndpoints" name="test_admin_get_users" time="0.091" /><testcase classname="backend.tests.test_api.TestAdminEndpoints" name="test_admin_get_bets" time="0.128" /><testcase classname="backend.tests.test_api.TestAdminEndpoints" name="test_admin_get_withdrawals" time="0.082" /><testcase classname="backend.tests.test_api.TestAdminEndpoints" name="test_admin_get_tickets" time="0.072" /><testcase classname="backend.tests.test_api.TestAdminEndpoints" name="test_admin_dashboard_unauthorized" time="0.347" /><testcase classname="backend.tests.test_api.TestUserEndpoints" name="test_user_get_wallet" time="0.062" /><testcase classname="backend.tests.test_api.TestUserEndpoints" name="test_user_get_bet_history" time="0.067" /><testcase classname="backend.tests.test_api.TestUserEndpoints" name="test_user_get_transactions" time="0.064" /><testcase classname="backend.tests.test_api.TestUserEndpoints" name="test_user_get_withdrawals" time="0.068" /><testcase classname="backend.tests.test_api.TestUserEndpoints" name="test_user_get_tickets" time="0.074" /><testcase classname="backend.tests.test_api.TestAdminRechargeFlow" name="test_admin_recharge_user_wallet" time="0.265" /><testcase classname="backend.tests.test_api.TestUserRegistration" name="test_register_new_user" time="0.301" /><testcase classname="backend.tests.test_api.TestUserRegistration" name="test_register_duplicate_username" time="0.057" /><testcase classname="backend.tests.test_api.TestSupportTicketFlow" name="test_create_and_reply_ticket" time="0.198" /><testcase classname="backend.tests.test_cricket_micro_betting.TestCricketMicroOdds" name="test_get_default_odds" time="0.115" /><testcase classname="backend.tests.test_cricket_micro_betting.TestDemoMode" name="test_demo_status_initial" time="0.074" /><testcase classname="backend.tests.test_cricket_micro_betting.TestDemoMode" name="test_demo_stop" time="0.143" /><testcase classname="backend.tests.test_cricket_micro_betting.TestDemoMode" name="test_demo_start" time="0.138" /><testcase classname="backend.tests.test_cricket_micro_betting.TestDemoMode" name="test_demo_start_already_running" time="0.610" /><testcase classname="backend.tests.test_cricket_micro_betting.TestMarketsEndpoints" name="test_get_active_markets" time="1.129" /><testcase classname="backend.tests.test_cricket_micro_betting.TestMarketsEndpoints" name="test_get_markets_by_match" time="0.069" /><testcase classname="backend.tests.test_cricket_micro_betting.TestMarketsEndpoints" name="test_get_specific_market" time="0.132" /><testcase classname="backend.tests.test_cricket_micro_betting.TestMarketsEndpoints" name="test_get_nonexistent_market" time="0.067" /><testcase classname="backend.tests.test_cricket_micro_betting.TestMarketLifecycle" name="test_market_status_transitions" time="1.141" /><testcase classname="backend.tests.test_cricket_micro_betting.TestMarketLifecycle" name="test_market_settlement" time="0.069" /><testcase classname="backend.tests.test_cricket_micro_betting.TestBettingEndpoints" name="test_place_bet_without_user_id" time="1.178" /><testcase classname="backend.tests.test_cricket_micro_betting.TestBettingEndpoints" name="test_place_bet_on_closed_market" time="0.579" /><testcase classname="backend.tests.test_cricket_micro_betting.TestBettingEndpoints" name="test_get_bet_history" time="0.070" /><testcase classname="backend.tests.test_cricket_micro_betting.TestBettingWindow" name="test_market_has_5_second_window" time="1.128" /><testcase classname="backend.tests.test_cricket_micro_betting.TestExistingFunctionality" name="test_health_endpoint" time="0.059" /><testcase classname="backend.tests.test_cricket_micro_betting.TestExistingFunctionality" name="test_matches_endpoint" time="0.059" /><testcase classname="backend.tests.test_cricket_micro_betting.TestExistingFunctionality" name="test_auth_login" time="0.283" /><testcase classname="backend.tests.test_cricket_micro_betting.TestExistingFunctionality" name="test_wallet_endpoint" time="0.061" /></testsuite></testsuites>