<?xml version="1.0" encoding="utf-8"?><testsuites name="pytest tests"><testsuite name="pytest" errors="0" failures="0" skipped="0" tests="12" time="87.567" timestamp="2026-03-28T15:13:37.384569+00:00" hostname="agent-env-5111a1d2-5406-4ffa-8bd4-81eb95fb6ba0"><testcase classname="backend.tests.test_bet_settlement_datetime.TestMatchesWithOdds" name="test_matches_endpoint_returns_data" time="55.336" /><testcase classname="backend.tests.test_bet_settlement_datetime.TestMatchesWithOdds" name="test_matches_have_odds_data" time="0.947" /><testcase classname="backend.tests.test_bet_settlement_datetime.TestMatchesWithOdds" name="test_no_minor_league_matches" time="0.571" /><testcase classname="backend.tests.test_bet_settlement_datetime.TestAdminAuth" name="test_admin_login" time="0.622" /><testcase classname="backend.tests.test_bet_settlement_datetime.TestPendingSettlements" name="test_pending_settlements_requires_auth" time="0.129" /><testcase classname="backend.tests.test_bet_settlement_datetime.TestPendingSettlements" name="test_pending_settlements_returns_data" time="4.548" /><testcase classname="backend.tests.test_bet_settlement_datetime.TestBetPlacement" name="test_back_bet_deducts_full_stake" time="3.985" /><testcase classname="backend.tests.test_bet_settlement_datetime.TestBetPlacement" name="test_lay_bet_deducts_liability" time="4.510" /><testcase classname="backend.tests.test_bet_settlement_datetime.TestBetSettlement" name="test_declare_outcome_endpoint_exists" time="1.147" /><testcase classname="backend.tests.test_bet_settlement_datetime.TestBetSettlement" name="test_settlement_with_pending_match" time="10.164" /><testcase classname="backend.tests.test_bet_settlement_datetime.TestDatetimeFix" name="test_matches_endpoint_no_errors" time="4.816" /><testcase classname="backend.tests.test_bet_settlement_datetime.TestDatetimeFix" name="test_live_matches_endpoint" time="0.720" /></testsuite></testsuites>