<?xml version="1.0" encoding="utf-8"?><testsuites name="pytest tests"><testsuite name="pytest" errors="0" failures="0" skipped="0" tests="8" time="1.982" timestamp="2026-03-24T06:53:22.715577+00:00" hostname="agent-env-dd2548a0-8295-49e2-84d8-af9bdf6edd10"><testcase classname="backend.tests.test_bet_placement.TestBetPlacement" name="test_place_bet_success" time="1.021" /><testcase classname="backend.tests.test_bet_placement.TestBetPlacement" name="test_place_bet_insufficient_balance" time="0.097" /><testcase classname="backend.tests.test_bet_placement.TestBetPlacement" name="test_place_bet_unauthorized" time="0.051" /><testcase classname="backend.tests.test_bet_placement.TestBetPlacement" name="test_place_football_bet" time="0.205" /><testcase classname="backend.tests.test_bet_placement.TestBetPlacement" name="test_place_lay_bet" time="0.103" /><testcase classname="backend.tests.test_bet_placement.TestBetHistory" name="test_get_bet_history" time="0.051" /><testcase classname="backend.tests.test_bet_placement.TestBetHistory" name="test_admin_can_see_all_bets" time="0.047" /><testcase classname="backend.tests.test_bet_placement.TestTransactions" name="test_bet_creates_transaction" time="0.221" /></testsuite></testsuites>