<?xml version="1.0" encoding="utf-8"?><testsuites name="pytest tests"><testsuite name="pytest" errors="0" failures="0" skipped="0" tests="19" time="12.946" timestamp="2026-03-28T13:56:43.227592+00:00" hostname="agent-env-25249f73-a1b5-4a1b-b5e5-5c8f53d100b0"><testcase classname="tests.test_betfair_exchange_features.TestMatchDetailOrderBook" name="test_match_detail_returns_order_book" time="0.438" /><testcase classname="tests.test_betfair_exchange_features.TestMatchDetailOrderBook" name="test_order_book_has_3_back_levels" time="0.562" /><testcase classname="tests.test_betfair_exchange_features.TestMatchDetailOrderBook" name="test_order_book_has_3_lay_levels" time="0.332" /><testcase classname="tests.test_betfair_exchange_features.TestMatchDetailOrderBook" name="test_order_book_has_liquidity_sizes" time="0.349" /><testcase classname="tests.test_betfair_exchange_features.TestBookmakerSection" name="test_match_detail_returns_bookmakers" time="0.349" /><testcase classname="tests.test_betfair_exchange_features.TestBookmakerSection" name="test_bookmaker_indian_rate_format" time="0.342" /><testcase classname="tests.test_betfair_exchange_features.TestAuthenticatedEndpoints" name="test_user_login_works" time="0.590" /><testcase classname="tests.test_betfair_exchange_features.TestAuthenticatedEndpoints" name="test_exposure_endpoint_requires_auth" time="0.110" /><testcase classname="tests.test_betfair_exchange_features.TestAuthenticatedEndpoints" name="test_exposure_endpoint_with_auth" time="1.360" /><testcase classname="tests.test_betfair_exchange_features.TestAuthenticatedEndpoints" name="test_my_bets_endpoint_requires_auth" time="0.114" /><testcase classname="tests.test_betfair_exchange_features.TestAuthenticatedEndpoints" name="test_my_bets_endpoint_with_auth" time="1.179" /><testcase classname="tests.test_betfair_exchange_features.TestAuthenticatedEndpoints" name="test_recharge_history_requires_auth" time="0.145" /><testcase classname="tests.test_betfair_exchange_features.TestAuthenticatedEndpoints" name="test_recharge_history_with_auth" time="1.153" /><testcase classname="tests.test_betfair_exchange_features.TestBetPlacement" name="test_bet_placement_requires_auth" time="0.108" /><testcase classname="tests.test_betfair_exchange_features.TestBetPlacement" name="test_bet_placement_with_auth" time="3.083" /><testcase classname="tests.test_betfair_exchange_features.TestMatchesWithOrderBook" name="test_matches_endpoint_returns_data" time="0.832" /><testcase classname="tests.test_betfair_exchange_features.TestMatchesWithOrderBook" name="test_find_match_with_order_book" time="0.609" /><testcase classname="tests.test_betfair_exchange_features.TestWalletEndpoint" name="test_wallet_requires_auth" time="0.106" /><testcase classname="tests.test_betfair_exchange_features.TestWalletEndpoint" name="test_wallet_with_auth" time="1.115" /></testsuite></testsuites>