<?xml version="1.0" encoding="utf-8"?><testsuites name="pytest tests"><testsuite name="pytest" errors="0" failures="0" skipped="0" tests="19" time="7.217" timestamp="2026-03-16T14:39:46.481594+00:00" hostname="agent-env-58206e2f-02e6-40b0-9e4a-2be4bcfcc57f"><testcase classname="backend.tests.test_cricket_micro_betting.TestCricketMicroOdds" name="test_get_default_odds" time="0.295" /><testcase classname="backend.tests.test_cricket_micro_betting.TestDemoMode" name="test_demo_status_initial" time="0.070" /><testcase classname="backend.tests.test_cricket_micro_betting.TestDemoMode" name="test_demo_stop" time="0.119" /><testcase classname="backend.tests.test_cricket_micro_betting.TestDemoMode" name="test_demo_start" time="0.119" /><testcase classname="backend.tests.test_cricket_micro_betting.TestDemoMode" name="test_demo_start_already_running" time="0.630" /><testcase classname="backend.tests.test_cricket_micro_betting.TestMarketsEndpoints" name="test_get_active_markets" time="1.125" /><testcase classname="backend.tests.test_cricket_micro_betting.TestMarketsEndpoints" name="test_get_markets_by_match" time="0.065" /><testcase classname="backend.tests.test_cricket_micro_betting.TestMarketsEndpoints" name="test_get_specific_market" time="0.137" /><testcase classname="backend.tests.test_cricket_micro_betting.TestMarketsEndpoints" name="test_get_nonexistent_market" time="0.063" /><testcase classname="backend.tests.test_cricket_micro_betting.TestMarketLifecycle" name="test_market_status_transitions" time="1.110" /><testcase classname="backend.tests.test_cricket_micro_betting.TestMarketLifecycle" name="test_market_settlement" time="0.059" /><testcase classname="backend.tests.test_cricket_micro_betting.TestBettingEndpoints" name="test_place_bet_without_user_id" time="1.185" /><testcase classname="backend.tests.test_cricket_micro_betting.TestBettingEndpoints" name="test_place_bet_on_closed_market" time="0.506" /><testcase classname="backend.tests.test_cricket_micro_betting.TestBettingEndpoints" name="test_get_bet_history" time="0.060" /><testcase classname="backend.tests.test_cricket_micro_betting.TestBettingWindow" name="test_market_has_5_second_window" time="1.123" /><testcase classname="backend.tests.test_cricket_micro_betting.TestExistingFunctionality" name="test_health_endpoint" time="0.055" /><testcase classname="backend.tests.test_cricket_micro_betting.TestExistingFunctionality" name="test_matches_endpoint" time="0.054" /><testcase classname="backend.tests.test_cricket_micro_betting.TestExistingFunctionality" name="test_auth_login" time="0.287" /><testcase classname="backend.tests.test_cricket_micro_betting.TestExistingFunctionality" name="test_wallet_endpoint" time="0.063" /></testsuite></testsuites>