<?xml version="1.0" encoding="utf-8"?><testsuites name="pytest tests"><testsuite name="pytest" errors="0" failures="0" skipped="0" tests="24" time="20.718" timestamp="2026-03-30T13:27:28.287106+00:00" hostname="agent-env-5111a1d2-5406-4ffa-8bd4-81eb95fb6ba0"><testcase classname="backend.tests.test_dynamic_odds_and_statements.TestDynamicOddsSpread" name="test_matches_endpoint_returns_dynamic_spread" time="0.949" /><testcase classname="backend.tests.test_dynamic_odds_and_statements.TestDynamicOddsSpread" name="test_spread_varies_with_odds_magnitude" time="0.609" /><testcase classname="backend.tests.test_dynamic_odds_and_statements.TestDynamicOddsSpread" name="test_match_detail_endpoint_has_dynamic_spread" time="0.988" /><testcase classname="backend.tests.test_dynamic_odds_and_statements.TestAdminBettingHistory" name="test_admin_bets_returns_bets_and_summary" time="2.582" /><testcase classname="backend.tests.test_dynamic_odds_and_statements.TestAdminBettingHistory" name="test_admin_bets_period_filter_day" time="0.591" /><testcase classname="backend.tests.test_dynamic_odds_and_statements.TestAdminBettingHistory" name="test_admin_bets_period_filter_week" time="1.380" /><testcase classname="backend.tests.test_dynamic_odds_and_statements.TestAdminBettingHistory" name="test_admin_bets_period_filter_month" time="0.554" /><testcase classname="backend.tests.test_dynamic_odds_and_statements.TestAdminBettingHistory" name="test_admin_bets_status_filter_pending" time="1.695" /><testcase classname="backend.tests.test_dynamic_odds_and_statements.TestAdminBettingHistory" name="test_admin_bets_status_filter_won" time="1.435" /><testcase classname="backend.tests.test_dynamic_odds_and_statements.TestAdminBettingHistory" name="test_admin_bets_status_filter_lost" time="1.033" /><testcase classname="backend.tests.test_dynamic_odds_and_statements.TestAdminBettingHistory" name="test_admin_bets_combined_filters" time="0.559" /><testcase classname="backend.tests.test_dynamic_odds_and_statements.TestAdminStatementDownload" name="test_admin_statement_download_day" time="0.553" /><testcase classname="backend.tests.test_dynamic_odds_and_statements.TestAdminStatementDownload" name="test_admin_statement_download_week" time="0.566" /><testcase classname="backend.tests.test_dynamic_odds_and_statements.TestAdminStatementDownload" name="test_admin_statement_download_month" time="0.557" /><testcase classname="backend.tests.test_dynamic_odds_and_statements.TestUserBetHistory" name="test_user_bets_history_returns_bets_and_summary" time="2.291" /><testcase classname="backend.tests.test_dynamic_odds_and_statements.TestUserBetHistory" name="test_user_bets_history_period_filter" time="0.664" /><testcase classname="backend.tests.test_dynamic_odds_and_statements.TestUserBetHistory" name="test_user_bets_history_status_filter" time="1.459" /><testcase classname="backend.tests.test_dynamic_odds_and_statements.TestUserStatementDownload" name="test_user_statement_download_day" time="0.607" /><testcase classname="backend.tests.test_dynamic_odds_and_statements.TestUserStatementDownload" name="test_user_statement_download_week" time="0.564" /><testcase classname="backend.tests.test_dynamic_odds_and_statements.TestUserStatementDownload" name="test_user_statement_download_month" time="0.551" /><testcase classname="backend.tests.test_dynamic_odds_and_statements.TestAuthRequired" name="test_admin_bets_requires_admin_auth" time="0.100" /><testcase classname="backend.tests.test_dynamic_odds_and_statements.TestAuthRequired" name="test_admin_statement_requires_admin_auth" time="0.134" /><testcase classname="backend.tests.test_dynamic_odds_and_statements.TestAuthRequired" name="test_user_bets_history_requires_auth" time="0.095" /><testcase classname="backend.tests.test_dynamic_odds_and_statements.TestAuthRequired" name="test_user_statement_requires_auth" time="0.113" /></testsuite></testsuites>