<?xml version="1.0" encoding="utf-8"?><testsuites name="pytest tests"><testsuite name="pytest" errors="0" failures="0" skipped="0" tests="15" time="10.381" timestamp="2026-04-01T17:21:00.355260+00:00" hostname="agent-env-46d4e1de-3313-4500-9ca0-3429dea10140"><testcase classname="backend.tests.test_exchange_odds_engine.TestMatchesEndpointExchangeOdds" name="test_matches_returns_exchange_odds_structure" time="0.660" /><testcase classname="backend.tests.test_exchange_odds_engine.TestMatchesEndpointExchangeOdds" name="test_matches_returns_3_level_order_book" time="0.292" /><testcase classname="backend.tests.test_exchange_odds_engine.TestMatchesEndpointExchangeOdds" name="test_matches_returns_liquidity_sizes" time="0.302" /><testcase classname="backend.tests.test_exchange_odds_engine.TestBookmakerOddsEndpoint" name="test_bookmaker_odds_returns_adjusted_odds" time="0.286" /><testcase classname="backend.tests.test_exchange_odds_engine.TestBookmakerOddsEndpoint" name="test_bookmaker_odds_returns_exposure" time="0.288" /><testcase classname="backend.tests.test_exchange_odds_engine.TestOddsSpreadAndTicks" name="test_spread_is_tight" time="0.295" /><testcase classname="backend.tests.test_exchange_odds_engine.TestDeterministicLiquidity" name="test_liquidity_is_deterministic" time="1.306" /><testcase classname="backend.tests.test_exchange_odds_engine.TestOrderBookLevelDecay" name="test_liquidity_decreases_with_depth" time="0.290" /><testcase classname="backend.tests.test_exchange_odds_engine.TestSessionMarketsEndpoint" name="test_session_markets_returns_markets" time="0.302" /><testcase classname="backend.tests.test_exchange_odds_engine.TestSessionMarketsEndpoint" name="test_session_markets_has_market_status" time="0.289" /><testcase classname="backend.tests.test_exchange_odds_engine.TestBetPlacementWithExchangeOdds" name="test_place_back_bet" time="2.261" /><testcase classname="backend.tests.test_exchange_odds_engine.TestBetPlacementWithExchangeOdds" name="test_place_lay_bet" time="1.965" /><testcase classname="backend.tests.test_exchange_odds_engine.TestWalletSystemStillWorks" name="test_wallet_returns_balances" time="1.213" /><testcase classname="backend.tests.test_exchange_odds_engine.TestExposureTracking" name="test_exposure_updates_after_bet" time="0.286" /><testcase classname="backend.tests.test_exchange_odds_engine.TestMatchDetailEndpoint" name="test_match_detail_has_exchange_odds" time="0.279" /></testsuite></testsuites>