<?xml version="1.0" encoding="utf-8"?><testsuites name="pytest tests"><testsuite name="pytest" errors="0" failures="0" skipped="0" tests="12" time="13.318" timestamp="2026-03-27T19:22:25.343993+00:00" hostname="agent-env-addd47fc-0c8c-4d0f-b607-9e887ef10d07"><testcase classname="backend.tests.test_homepage_redesign.TestHomepageRedesign" name="test_matches_endpoint_returns_cricket_only" time="2.199" /><testcase classname="backend.tests.test_homepage_redesign.TestHomepageRedesign" name="test_matches_no_completed_matches" time="0.610" /><testcase classname="backend.tests.test_homepage_redesign.TestHomepageRedesign" name="test_matches_have_valid_dates" time="0.769" /><testcase classname="backend.tests.test_homepage_redesign.TestHomepageRedesign" name="test_matches_have_required_fields" time="0.626" /><testcase classname="backend.tests.test_homepage_redesign.TestBetTotalsEndpoint" name="test_bet_totals_endpoint_exists" time="1.242" /><testcase classname="backend.tests.test_homepage_redesign.TestBetTotalsEndpoint" name="test_bet_totals_returns_numbers" time="1.439" /><testcase classname="backend.tests.test_homepage_redesign.TestBetTotalsEndpoint" name="test_bet_totals_invalid_match_id" time="0.351" /><testcase classname="backend.tests.test_homepage_redesign.TestMatchDetailEndpoint" name="test_match_detail_returns_data" time="0.945" /><testcase classname="backend.tests.test_homepage_redesign.TestMatchDetailEndpoint" name="test_match_detail_has_odds" time="0.983" /><testcase classname="backend.tests.test_homepage_redesign.TestFilterFunctionality" name="test_live_matches_endpoint" time="1.545" /><testcase classname="backend.tests.test_homepage_redesign.TestFilterFunctionality" name="test_all_matches_endpoint" time="1.711" /><testcase classname="backend.tests.test_homepage_redesign.TestNoFootballMatches" name="test_no_football_in_matches" time="0.829" /></testsuite></testsuites>