<?xml version="1.0" encoding="utf-8"?><testsuites name="pytest tests"><testsuite name="pytest" errors="0" failures="1" skipped="0" tests="12" time="98.506" timestamp="2026-04-03T16:26:10.934077+00:00" hostname="agent-env-844908df-faa0-4e6b-a068-d5fc1000a6c8"><testcase classname="backend.tests.test_match_page_ui.TestP2PPoolEndpoint" name="test_pool_endpoint_returns_correct_structure" time="60.186"><failure message="AssertionError: Expected 200, got 502&#10;assert 502 == 200&#10; +  where 502 = &lt;Response [502]&gt;.status_code">backend/tests/test_match_page_ui.py:25: in test_pool_endpoint_returns_correct_structure
    assert response.status_code == 200, f"Expected 200, got {response.status_code}"
E   AssertionError: Expected 200, got 502
E   assert 502 == 200
E    +  where 502 = &lt;Response [502]&gt;.status_code</failure></testcase><testcase classname="backend.tests.test_match_page_ui.TestP2PPoolEndpoint" name="test_pool_endpoint_returns_team_totals" time="30.323" /><testcase classname="backend.tests.test_match_page_ui.TestP2PPoolEndpoint" name="test_pool_endpoint_returns_matched_pending" time="0.694" /><testcase classname="backend.tests.test_match_page_ui.TestP2PPoolEndpoint" name="test_pool_endpoint_404_for_invalid_match" time="0.335" /><testcase classname="backend.tests.test_match_page_ui.TestMatchEndpoint" name="test_match_endpoint_returns_odds" time="0.374" /><testcase classname="backend.tests.test_match_page_ui.TestMatchEndpoint" name="test_match_endpoint_returns_team_names" time="0.336" /><testcase classname="backend.tests.test_match_page_ui.TestMatchEndpoint" name="test_match_endpoint_returns_first_second_team_order" time="0.425" /><testcase classname="backend.tests.test_match_page_ui.TestBetPlacementFlow" name="test_bet_placement_requires_auth" time="0.109" /><testcase classname="backend.tests.test_match_page_ui.TestBetPlacementFlow" name="test_bet_placement_with_auth" time="4.269" /><testcase classname="backend.tests.test_match_page_ui.TestMyBetsEndpoint" name="test_my_bets_requires_auth" time="0.115" /><testcase classname="backend.tests.test_match_page_ui.TestMyBetsEndpoint" name="test_my_bets_returns_list" time="1.123" /><testcase classname="backend.tests.test_match_page_ui.TestMarketStatusEndpoint" name="test_market_status_returns_suspended_flag" time="0.118" /></testsuite></testsuites>