<?xml version="1.0" encoding="utf-8"?><testsuites name="pytest tests"><testsuite name="pytest" errors="0" failures="0" skipped="0" tests="14" time="22.250" timestamp="2026-03-27T17:51:59.618467+00:00" hostname="agent-env-addd47fc-0c8c-4d0f-b607-9e887ef10d07"><testcase classname="tests.test_matches_api.TestMatchesAPI" name="test_matches_endpoint_returns_200" time="7.790" /><testcase classname="tests.test_matches_api.TestMatchesAPI" name="test_matches_returns_list" time="0.615" /><testcase classname="tests.test_matches_api.TestMatchesAPI" name="test_no_completed_matches_in_response" time="0.632" /><testcase classname="tests.test_matches_api.TestMatchesAPI" name="test_no_ended_matches_in_response" time="0.804" /><testcase classname="tests.test_matches_api.TestMatchesAPI" name="test_no_finished_matches_in_response" time="0.758" /><testcase classname="tests.test_matches_api.TestMatchesAPI" name="test_no_match_ended_true_in_response" time="1.087" /><testcase classname="tests.test_matches_api.TestMatchesAPI" name="test_no_quetta_matches_in_response" time="0.641" /><testcase classname="tests.test_matches_api.TestMatchesAPI" name="test_no_victoria_matches_in_response" time="0.597" /><testcase classname="tests.test_matches_api.TestMatchesAPI" name="test_all_matches_have_valid_status" time="2.852" /><testcase classname="tests.test_matches_api.TestMatchesAPI" name="test_matches_have_required_fields" time="0.602" /><testcase classname="tests.test_matches_api.TestLiveMatchesAPI" name="test_live_matches_endpoint_returns_200" time="4.003" /><testcase classname="tests.test_matches_api.TestLiveMatchesAPI" name="test_live_matches_response_structure" time="0.135" /><testcase classname="tests.test_matches_api.TestAllMatchesAPI" name="test_all_matches_endpoint_returns_200" time="1.550" /><testcase classname="tests.test_matches_api.TestAllMatchesAPI" name="test_all_matches_response_structure" time="0.124" /></testsuite></testsuites>