<?xml version="1.0" encoding="utf-8"?><testsuites name="pytest tests"><testsuite name="pytest" errors="0" failures="0" skipped="0" tests="10" time="1.908" timestamp="2026-03-25T15:44:14.199928+00:00" hostname="agent-env-dd2548a0-8295-49e2-84d8-af9bdf6edd10"><testcase classname="backend.tests.test_match_sorting_detail.TestMatchSorting" name="test_cricket_matches_sorted_by_date" time="0.195" /><testcase classname="backend.tests.test_match_sorting_detail.TestMatchSorting" name="test_soccer_matches_sorted_by_date" time="0.116" /><testcase classname="backend.tests.test_match_sorting_detail.TestMatchSorting" name="test_all_matches_sorted_by_date" time="0.121" /><testcase classname="backend.tests.test_match_sorting_detail.TestMatchDetailEndpoint" name="test_match_detail_returns_correct_data" time="0.389" /><testcase classname="backend.tests.test_match_sorting_detail.TestMatchDetailEndpoint" name="test_match_detail_not_found" time="0.120" /><testcase classname="backend.tests.test_match_sorting_detail.TestMatchDetailEndpoint" name="test_match_detail_has_venue_and_format" time="0.332" /><testcase classname="backend.tests.test_match_sorting_detail.TestExistingFunctionality" name="test_health_endpoint" time="0.122" /><testcase classname="backend.tests.test_match_sorting_detail.TestExistingFunctionality" name="test_matches_endpoint_returns_list" time="0.126" /><testcase classname="backend.tests.test_match_sorting_detail.TestExistingFunctionality" name="test_cricket_matches_have_required_fields" time="0.158" /><testcase classname="backend.tests.test_match_sorting_detail.TestExistingFunctionality" name="test_soccer_matches_have_draw_odds" time="0.145" /></testsuite></testsuites>