<?xml version="1.0" encoding="utf-8"?><testsuites name="pytest tests"><testsuite name="pytest" errors="0" failures="0" skipped="0" tests="15" time="15.506" timestamp="2026-03-28T10:15:18.618783+00:00" hostname="agent-env-25249f73-a1b5-4a1b-b5e5-5c8f53d100b0"><testcase classname="backend.tests.test_odds_merge_fix.TestOddsMergeBasics" name="test_matches_endpoint_returns_200" time="0.886" /><testcase classname="backend.tests.test_odds_merge_fix.TestOddsMergeBasics" name="test_matches_with_odds_exist" time="0.571" /><testcase classname="backend.tests.test_odds_merge_fix.TestOddsConsistency" name="test_home_odds_match_odds_object" time="0.596" /><testcase classname="backend.tests.test_odds_merge_fix.TestOddsConsistency" name="test_away_odds_match_odds_object" time="0.600" /><testcase classname="backend.tests.test_odds_merge_fix.TestOddsConsistency" name="test_odds_are_reasonable_values" time="0.567" /><testcase classname="backend.tests.test_odds_merge_fix.TestMatchDetailOdds" name="test_match_detail_returns_odds" time="0.913" /><testcase classname="backend.tests.test_odds_merge_fix.TestMatchDetailOdds" name="test_match_detail_odds_consistency" time="1.803" /><testcase classname="backend.tests.test_odds_merge_fix.TestNoDuplicateMatches" name="test_no_exact_duplicate_matches" time="0.578" /><testcase classname="backend.tests.test_odds_merge_fix.TestAdminCronOddsRefresh" name="test_admin_login_works" time="0.579" /><testcase classname="backend.tests.test_odds_merge_fix.TestAdminCronOddsRefresh" name="test_cron_run_endpoint" time="5.743" /><testcase classname="backend.tests.test_odds_merge_fix.TestAdminCronOddsRefresh" name="test_cron_run_requires_auth" time="0.112" /><testcase classname="backend.tests.test_odds_merge_fix.TestTeamNameMatching" name="test_bengaluru_bangalore_matches_have_odds" time="0.791" /><testcase classname="backend.tests.test_odds_merge_fix.TestTeamNameMatching" name="test_rawalpindi_variations_handled" time="0.565" /><testcase classname="backend.tests.test_odds_merge_fix.TestOddsNotSwapped" name="test_home_odds_not_equal_away_odds" time="0.568" /><testcase classname="backend.tests.test_odds_merge_fix.TestOddsNotSwapped" name="test_lay_odds_higher_than_back_odds" time="0.571" /></testsuite></testsuites>