<?xml version="1.0" encoding="utf-8"?><testsuites name="pytest tests"><testsuite name="pytest" errors="0" failures="0" skipped="0" tests="14" time="15.881" timestamp="2026-04-02T17:37:34.071953+00:00" hostname="agent-env-8c0dfd52-b2d7-41df-9d06-822bae80a1ce"><testcase classname="backend.tests.test_p2p_betting.TestMatchPageAPIs" name="test_match_detail_returns_odds" time="1.016" /><testcase classname="backend.tests.test_p2p_betting.TestMatchPageAPIs" name="test_market_status_endpoint" time="0.149" /><testcase classname="backend.tests.test_p2p_betting.TestP2PPoolAPI" name="test_pool_stats_returns_team_totals" time="0.587" /><testcase classname="backend.tests.test_p2p_betting.TestP2PPoolAPI" name="test_pool_stats_invalid_match" time="0.353" /><testcase classname="backend.tests.test_p2p_betting.TestP2PMyBetsAPI" name="test_my_bets_requires_auth" time="0.150" /><testcase classname="backend.tests.test_p2p_betting.TestP2PMyBetsAPI" name="test_my_bets_returns_user_bets" time="1.236" /><testcase classname="backend.tests.test_p2p_betting.TestP2PBetPlacement" name="test_place_bet_requires_auth" time="0.114" /><testcase classname="backend.tests.test_p2p_betting.TestP2PBetPlacement" name="test_place_bet_invalid_match" time="0.597" /><testcase classname="backend.tests.test_p2p_betting.TestP2PBetPlacement" name="test_place_bet_invalid_team" time="0.598" /><testcase classname="backend.tests.test_p2p_betting.TestP2PBetPlacement" name="test_place_bet_invalid_stake" time="1.195" /><testcase classname="backend.tests.test_p2p_betting.TestP2PBetPlacement" name="test_place_bet_success" time="5.050" /><testcase classname="backend.tests.test_p2p_betting.TestP2PPartialMatching" name="test_opposing_bets_get_matched" time="1.787" /><testcase classname="backend.tests.test_p2p_betting.TestWalletIntegration" name="test_wallet_balance_after_bet" time="1.268" /><testcase classname="backend.tests.test_p2p_betting.TestOddsPolling" name="test_odds_refresh_on_match_page" time="1.697" /></testsuite></testsuites>