<?xml version="1.0" encoding="utf-8"?><testsuites name="pytest tests"><testsuite name="pytest" errors="0" failures="0" skipped="0" tests="23" time="3.530" timestamp="2026-03-14T15:09:02.023013+00:00" hostname="agent-env-58206e2f-02e6-40b0-9e4a-2be4bcfcc57f"><testcase classname="tests.test_api.TestHealth" name="test_health_check" time="0.231" /><testcase classname="tests.test_api.TestAuth" name="test_admin_login_success" time="0.300" /><testcase classname="tests.test_api.TestAuth" name="test_user_login_success" time="0.277" /><testcase classname="tests.test_api.TestAuth" name="test_login_invalid_credentials" time="0.049" /><testcase classname="tests.test_api.TestAuth" name="test_get_current_user_admin" time="0.319" /><testcase classname="tests.test_api.TestAuth" name="test_get_current_user_unauthorized" time="0.059" /><testcase classname="tests.test_api.TestPublicEndpoints" name="test_get_matches" time="0.051" /><testcase classname="tests.test_api.TestPublicEndpoints" name="test_get_matches_by_sport" time="0.050" /><testcase classname="tests.test_api.TestAdminEndpoints" name="test_admin_dashboard" time="0.055" /><testcase classname="tests.test_api.TestAdminEndpoints" name="test_admin_get_users" time="0.053" /><testcase classname="tests.test_api.TestAdminEndpoints" name="test_admin_get_bets" time="0.052" /><testcase classname="tests.test_api.TestAdminEndpoints" name="test_admin_get_withdrawals" time="0.047" /><testcase classname="tests.test_api.TestAdminEndpoints" name="test_admin_get_tickets" time="0.049" /><testcase classname="tests.test_api.TestAdminEndpoints" name="test_admin_dashboard_unauthorized" time="0.333" /><testcase classname="tests.test_api.TestUserEndpoints" name="test_user_get_wallet" time="0.051" /><testcase classname="tests.test_api.TestUserEndpoints" name="test_user_get_bet_history" time="0.052" /><testcase classname="tests.test_api.TestUserEndpoints" name="test_user_get_transactions" time="0.059" /><testcase classname="tests.test_api.TestUserEndpoints" name="test_user_get_withdrawals" time="0.046" /><testcase classname="tests.test_api.TestUserEndpoints" name="test_user_get_tickets" time="0.048" /><testcase classname="tests.test_api.TestAdminRechargeFlow" name="test_admin_recharge_user_wallet" time="0.200" /><testcase classname="tests.test_api.TestUserRegistration" name="test_register_new_user" time="0.275" /><testcase classname="tests.test_api.TestUserRegistration" name="test_register_duplicate_username" time="0.595" /><testcase classname="tests.test_api.TestSupportTicketFlow" name="test_create_and_reply_ticket" time="0.193" /></testsuite></testsuites>