<?xml version="1.0" encoding="utf-8"?><testsuites name="pytest tests"><testsuite name="pytest" errors="0" failures="4" skipped="14" tests="23" time="1.341" timestamp="2026-03-14T15:06:10.072963+00:00" hostname="agent-env-58206e2f-02e6-40b0-9e4a-2be4bcfcc57f"><testcase classname="tests.test_api.TestHealth" name="test_health_check" time="0.262"><failure message="assert 404 == 200&#10; +  where 404 = &lt;Response [404]&gt;.status_code">tests/test_api.py:69: in test_health_check
    assert response.status_code == 200
E   assert 404 == 200
E    +  where 404 = &lt;Response [404]&gt;.status_code</failure></testcase><testcase classname="tests.test_api.TestAuth" name="test_admin_login_success" time="0.071"><failure message="assert 422 == 200&#10; +  where 422 = &lt;Response [422]&gt;.status_code">tests/test_api.py:84: in test_admin_login_success
    assert response.status_code == 200
E   assert 422 == 200
E    +  where 422 = &lt;Response [422]&gt;.status_code</failure></testcase><testcase classname="tests.test_api.TestAuth" name="test_user_login_success" time="0.062"><failure message="assert 422 == 200&#10; +  where 422 = &lt;Response [422]&gt;.status_code">tests/test_api.py:97: in test_user_login_success
    assert response.status_code == 200
E   assert 422 == 200
E    +  where 422 = &lt;Response [422]&gt;.status_code</failure></testcase><testcase classname="tests.test_api.TestAuth" name="test_login_invalid_credentials" time="0.093"><failure message="assert 422 == 401&#10; +  where 422 = &lt;Response [422]&gt;.status_code">tests/test_api.py:110: in test_login_invalid_credentials
    assert response.status_code == 401
E   assert 422 == 401
E    +  where 422 = &lt;Response [422]&gt;.status_code</failure></testcase><testcase classname="tests.test_api.TestAuth" name="test_get_current_user_admin" time="0.064"><skipped type="pytest.skip" message="Admin authentication failed">/app/backend/tests/test_api.py:112: Admin authentication failed</skipped></testcase><testcase classname="tests.test_api.TestAuth" name="test_get_current_user_unauthorized" time="0.061" /><testcase classname="tests.test_api.TestPublicEndpoints" name="test_get_matches" time="0.067" /><testcase classname="tests.test_api.TestPublicEndpoints" name="test_get_matches_by_sport" time="0.063" /><testcase classname="tests.test_api.TestAdminEndpoints" name="test_admin_dashboard" time="0.000"><skipped type="pytest.skip" message="Admin authentication failed">/app/backend/tests/test_api.py:152: Admin authentication failed</skipped></testcase><testcase classname="tests.test_api.TestAdminEndpoints" name="test_admin_get_users" time="0.000"><skipped type="pytest.skip" message="Admin authentication failed">/app/backend/tests/test_api.py:170: Admin authentication failed</skipped></testcase><testcase classname="tests.test_api.TestAdminEndpoints" name="test_admin_get_bets" time="0.000"><skipped type="pytest.skip" message="Admin authentication failed">/app/backend/tests/test_api.py:180: Admin authentication failed</skipped></testcase><testcase classname="tests.test_api.TestAdminEndpoints" name="test_admin_get_withdrawals" time="0.000"><skipped type="pytest.skip" message="Admin authentication failed">/app/backend/tests/test_api.py:190: Admin authentication failed</skipped></testcase><testcase classname="tests.test_api.TestAdminEndpoints" name="test_admin_get_tickets" time="0.000"><skipped type="pytest.skip" message="Admin authentication failed">/app/backend/tests/test_api.py:200: Admin authentication failed</skipped></testcase><testcase classname="tests.test_api.TestAdminEndpoints" name="test_admin_dashboard_unauthorized" time="0.067"><skipped type="pytest.skip" message="User authentication failed">/app/backend/tests/test_api.py:210: User authentication failed</skipped></testcase><testcase classname="tests.test_api.TestUserEndpoints" name="test_user_get_wallet" time="0.000"><skipped type="pytest.skip" message="User authentication failed">/app/backend/tests/test_api.py:223: User authentication failed</skipped></testcase><testcase classname="tests.test_api.TestUserEndpoints" name="test_user_get_bet_history" time="0.000"><skipped type="pytest.skip" message="User authentication failed">/app/backend/tests/test_api.py:234: User authentication failed</skipped></testcase><testcase classname="tests.test_api.TestUserEndpoints" name="test_user_get_transactions" time="0.000"><skipped type="pytest.skip" message="User authentication failed">/app/backend/tests/test_api.py:244: User authentication failed</skipped></testcase><testcase classname="tests.test_api.TestUserEndpoints" name="test_user_get_withdrawals" time="0.000"><skipped type="pytest.skip" message="User authentication failed">/app/backend/tests/test_api.py:254: User authentication failed</skipped></testcase><testcase classname="tests.test_api.TestUserEndpoints" name="test_user_get_tickets" time="0.000"><skipped type="pytest.skip" message="User authentication failed">/app/backend/tests/test_api.py:264: User authentication failed</skipped></testcase><testcase classname="tests.test_api.TestAdminRechargeFlow" name="test_admin_recharge_user_wallet" time="0.000"><skipped type="pytest.skip" message="Admin authentication failed">/app/backend/tests/test_api.py:279: Admin authentication failed</skipped></testcase><testcase classname="tests.test_api.TestUserRegistration" name="test_register_new_user" time="0.350" /><testcase classname="tests.test_api.TestUserRegistration" name="test_register_duplicate_username" time="0.061" /><testcase classname="tests.test_api.TestSupportTicketFlow" name="test_create_and_reply_ticket" time="0.000"><skipped type="pytest.skip" message="User authentication failed">/app/backend/tests/test_api.py:358: User authentication failed</skipped></testcase></testsuite></testsuites>