<?xml version="1.0" encoding="utf-8"?><testsuites name="pytest tests"><testsuite name="pytest" errors="0" failures="0" skipped="0" tests="14" time="71.114" timestamp="2026-03-28T14:18:39.870241+00:00" hostname="agent-env-25249f73-a1b5-4a1b-b5e5-5c8f53d100b0"><testcase classname="backend.tests.test_playxbets_simplified_ui.TestHealthAndBasicEndpoints" name="test_health_endpoint" time="53.717" /><testcase classname="backend.tests.test_playxbets_simplified_ui.TestHealthAndBasicEndpoints" name="test_matches_endpoint" time="4.028" /><testcase classname="backend.tests.test_playxbets_simplified_ui.TestMatchOddsAPI" name="test_match_detail_endpoint" time="0.346" /><testcase classname="backend.tests.test_playxbets_simplified_ui.TestMatchOddsAPI" name="test_match_odds_structure" time="0.334" /><testcase classname="backend.tests.test_playxbets_simplified_ui.TestMatchOddsAPI" name="test_bookmaker_data_in_api" time="0.493" /><testcase classname="backend.tests.test_playxbets_simplified_ui.TestExposureEndpoint" name="test_exposure_endpoint_unauthenticated" time="0.120" /><testcase classname="backend.tests.test_playxbets_simplified_ui.TestExposureEndpoint" name="test_exposure_endpoint_authenticated" time="1.444" /><testcase classname="backend.tests.test_playxbets_simplified_ui.TestBetPlacement" name="test_bet_placement_back" time="2.235" /><testcase classname="backend.tests.test_playxbets_simplified_ui.TestBetPlacement" name="test_bet_placement_lay" time="2.874" /><testcase classname="backend.tests.test_playxbets_simplified_ui.TestMyBetsEndpoint" name="test_my_bets_endpoint" time="2.022" /><testcase classname="backend.tests.test_playxbets_simplified_ui.TestRechargeHistoryEndpoint" name="test_recharge_history_endpoint" time="1.143" /><testcase classname="backend.tests.test_playxbets_simplified_ui.TestHomepageMatches" name="test_homepage_matches" time="1.052" /><testcase classname="backend.tests.test_playxbets_simplified_ui.TestAuthLogin" name="test_admin_login" time="0.669" /><testcase classname="backend.tests.test_playxbets_simplified_ui.TestAuthLogin" name="test_user_login" time="0.568" /></testsuite></testsuites>