<?xml version="1.0" encoding="utf-8"?><testsuites name="pytest tests"><testsuite name="pytest" errors="0" failures="1" skipped="0" tests="12" time="119.954" timestamp="2026-04-04T12:06:22.395464+00:00" hostname="agent-env-844908df-faa0-4e6b-a068-d5fc1000a6c8"><testcase classname="backend.tests.test_suspended_state.TestSuspendedStateBackend" name="test_01_market_status_endpoint_exists" time="60.231"><failure message="AssertionError: Expected 200, got 502: The preview environment is not responding. It may be starting up.&#10;  &#10;assert 502 == 200&#10; +  where 502 = &lt;Response [502]&gt;.status_code">backend/tests/test_suspended_state.py:57: in test_01_market_status_endpoint_exists
    assert response.status_code == 200, f"Expected 200, got {response.status_code}: {response.text}"
E   AssertionError: Expected 200, got 502: The preview environment is not responding. It may be starting up.
E     
E   assert 502 == 200
E    +  where 502 = &lt;Response [502]&gt;.status_code</failure></testcase><testcase classname="backend.tests.test_suspended_state.TestSuspendedStateBackend" name="test_02_test_suspend_four_event" time="25.472" /><testcase classname="backend.tests.test_suspended_state.TestSuspendedStateBackend" name="test_03_market_status_shows_suspended_after_four" time="0.868" /><testcase classname="backend.tests.test_suspended_state.TestSuspendedStateBackend" name="test_04_test_suspend_six_event" time="2.886" /><testcase classname="backend.tests.test_suspended_state.TestSuspendedStateBackend" name="test_05_market_status_shows_suspended_after_six" time="1.638" /><testcase classname="backend.tests.test_suspended_state.TestSuspendedStateBackend" name="test_06_test_suspend_wicket_event" time="0.868" /><testcase classname="backend.tests.test_suspended_state.TestSuspendedStateBackend" name="test_07_market_status_shows_suspended_after_wicket" time="0.333" /><testcase classname="backend.tests.test_suspended_state.TestSuspendedStateBackend" name="test_08_p2p_bet_blocked_during_suspension" time="2.301" /><testcase classname="backend.tests.test_suspended_state.TestSuspendedStateBackend" name="test_09_suspension_auto_clears_after_15_seconds" time="17.537" /><testcase classname="backend.tests.test_suspended_state.TestSuspendedStateBackend" name="test_10_invalid_event_type_rejected" time="0.330" /><testcase classname="backend.tests.test_suspended_state.TestSuspendedStateBackend" name="test_11_test_suspend_requires_admin" time="0.334" /><testcase classname="backend.tests.test_suspended_state.TestSuspendedStateBackend" name="test_12_consecutive_events_keep_suspended" time="7.051" /></testsuite></testsuites>