<?xml version="1.0" encoding="utf-8"?><testsuites name="pytest tests"><testsuite name="pytest" errors="0" failures="0" skipped="0" tests="17" time="86.120" timestamp="2026-04-01T14:28:17.577600+00:00" hostname="agent-env-46d4e1de-3313-4500-9ca0-3429dea10140"><testcase classname="backend.tests.test_wallet_system.TestAuth" name="test_user_login" time="47.640" /><testcase classname="backend.tests.test_wallet_system.TestAuth" name="test_admin_login" time="0.602" /><testcase classname="backend.tests.test_wallet_system.TestWallet" name="test_get_wallet" time="2.340" /><testcase classname="backend.tests.test_wallet_system.TestDeposits" name="test_create_deposit_request" time="1.395" /><testcase classname="backend.tests.test_wallet_system.TestDeposits" name="test_get_my_deposits" time="1.153" /><testcase classname="backend.tests.test_wallet_system.TestDeposits" name="test_admin_get_all_deposits" time="1.174" /><testcase classname="backend.tests.test_wallet_system.TestDepositApprovalFlow" name="test_deposit_approval_flow" time="4.596" /><testcase classname="backend.tests.test_wallet_system.TestDepositApprovalFlow" name="test_deposit_rejection_flow" time="3.851" /><testcase classname="backend.tests.test_wallet_system.TestWithdrawals" name="test_get_my_withdrawals_first" time="1.151" /><testcase classname="backend.tests.test_wallet_system.TestWithdrawals" name="test_get_my_withdrawals" time="1.115" /><testcase classname="backend.tests.test_wallet_system.TestWithdrawals" name="test_admin_get_all_withdrawals" time="1.371" /><testcase classname="backend.tests.test_wallet_system.TestWithdrawalE2EFlow" name="test_find_and_approve_pending_withdrawal" time="4.026" /><testcase classname="backend.tests.test_wallet_system.TestWithdrawalE2EFlow" name="test_find_and_reject_pending_withdrawal" time="3.856" /><testcase classname="backend.tests.test_wallet_system.TestAdminWalletStats" name="test_admin_wallet_stats" time="2.261" /><testcase classname="backend.tests.test_wallet_system.TestEdgeCases" name="test_deposit_invalid_amount" time="0.896" /><testcase classname="backend.tests.test_wallet_system.TestEdgeCases" name="test_withdrawal_insufficient_balance" time="4.703" /><testcase classname="backend.tests.test_wallet_system.TestEdgeCases" name="test_withdrawal_missing_bank_details" time="3.897" /></testsuite></testsuites>