<?xml version="1.0" encoding="utf-8"?><testsuites name="pytest tests"><testsuite name="pytest" errors="0" failures="0" skipped="0" tests="13" time="3.605" timestamp="2026-03-26T16:42:47.660561+00:00" hostname="agent-env-215006f6-7bbf-4dd5-be80-c6b423beb88e"><testcase classname="tests.test_websocket_and_match.TestWebSocketStatus" name="test_ws_status_endpoint" time="0.302" /><testcase classname="tests.test_websocket_and_match.TestMatchEndpoints" name="test_get_live_matches" time="0.108" /><testcase classname="tests.test_websocket_and_match.TestMatchEndpoints" name="test_get_matches_status" time="0.138" /><testcase classname="tests.test_websocket_and_match.TestMatchEndpoints" name="test_get_match_detail" time="0.242" /><testcase classname="tests.test_websocket_and_match.TestMatchEndpoints" name="test_match_not_found" time="0.140" /><testcase classname="tests.test_websocket_and_match.TestAuthentication" name="test_login_success" time="0.370" /><testcase classname="tests.test_websocket_and_match.TestAuthentication" name="test_login_invalid_credentials" time="0.122" /><testcase classname="tests.test_websocket_and_match.TestAuthentication" name="test_admin_login" time="0.390" /><testcase classname="tests.test_websocket_and_match.TestBetPlacement" name="test_get_wallet" time="0.528" /><testcase classname="tests.test_websocket_and_match.TestBetPlacement" name="test_place_bet_unauthorized" time="0.477" /><testcase classname="tests.test_websocket_and_match.TestBetPlacement" name="test_get_bet_history" time="0.488" /><testcase classname="tests.test_websocket_and_match.TestWebSocketConnection" name="test_websocket_main_endpoint_exists" time="0.115" /><testcase classname="tests.test_websocket_and_match.TestWebSocketConnection" name="test_websocket_match_endpoint_format" time="0.117" /></testsuite></testsuites>