<?xml version="1.0" encoding="utf-8"?><testsuites name="pytest tests"><testsuite name="pytest" errors="0" failures="0" skipped="0" tests="7" time="83.403" timestamp="2026-04-01T14:58:20.836527+00:00" hostname="agent-env-46d4e1de-3313-4500-9ca0-3429dea10140"><testcase classname="backend.tests.test_withdrawable_balance" name="test_wallet_returns_withdrawable_balance_field" time="72.339" /><testcase classname="backend.tests.test_withdrawable_balance" name="test_transactions_my_endpoint_exists" time="1.218" /><testcase classname="backend.tests.test_withdrawable_balance" name="test_wallet_withdrawable_balance_calculation" time="1.858" /><testcase classname="backend.tests.test_withdrawable_balance" name="test_withdrawal_exceeding_withdrawable_fails" time="3.178" /><testcase classname="backend.tests.test_withdrawable_balance" name="test_admin_get_withdrawals" time="1.372" /><testcase classname="backend.tests.test_withdrawable_balance" name="test_admin_wallet_stats" time="2.238" /><testcase classname="backend.tests.test_withdrawable_balance" name="test_get_my_deposits" time="1.141" /></testsuite></testsuites>